<?xml version="1.0" encoding="UTF-8"?>
<!-- Generated by org.testng.reporters.JUnitReportReporter -->
<testsuite skipped="0" hostname="DESKTOP-DTG1NHM" name="com.aliexpress.auto.tests.AliexpressTests" tests="2" failures="0" timestamp="14 Oct 2018 19:04:59 GMT" time="16.933" errors="0">
  <testcase name="Registration" time="0.242" classname="com.aliexpress.auto.tests.AliexpressTests"/>
  <testcase name="searchFromMainHomePage" time="16.691" classname="com.aliexpress.auto.tests.AliexpressTests"/>
</testsuite> <!-- com.aliexpress.auto.tests.AliexpressTests -->
